?#instruction num: 381034062
cycle       num: 575396366
ipc            : 0.662211

*********CACHE COUNTER************
cache accuracy : 0.981289
cache access   : 125017175
cache hit      : 122678018
cache miss     : 2339157

*********BPU COUNTER************
bpu   accuracy : 0.878605

jalr  accuracy : 0.553283
num        : 3774148
mispred    : 1685975
addr error : 1685975
dir  error : 0

br    accuracy : 0.954919
num        : 73343709
mispred    : 3306376
addr error : 0
dir  error : 3306376

ret    accuracy : 0.304531
num        : 7611144
mispred    : 5293317
addr error : 5293317
dir  error : 0

*********STALL COUNTER************
rob     stall : 12536042
idu br  stall : 17177739
idu tag stall : 61025969
ren reg stall : 14266164

*********ISU COUNTER************
iss     stall : 65819188
iss     stall : 522314
iss     stall : 164193342
iss     stall : 27710525
iss     stall : 27857185
iss     stall : 7789908
iss     stall : 6458549
iq0 ready  num : 0.336002
iq1 ready  num : 0.248232
iq2 ready  num : 2.944331
iq3 ready  num : 0.837530
iq4 ready  num : 0.149785
iq5 ready  num : 0.122410
iq6 ready  num : 0.059242
iq0 raw  num : 133597010
iq1 raw  num : 157380368
iq2 raw  num : 47060679
iq3 raw  num : 47950058
iq4 raw  num : 212317160
iq5 raw  num : 229257353
iq6 raw  num : 260300442

